/home/w3p/set4/py4web/apps/in3/templates/index2.html
    strlen=50
     -3:    <h3>Page 2  [[ = sio_app]] </h3>
     +3:    <h3>XXXXX 2  [[ = sio_app]] </h3>

/home/w3p/set4/py4web/apps/in3/templates/sse-page.html
    strlen=39
     -6:    <p>You can visit <a href="[[= URL('page2') ]]">Page 2</a>.</p>
     +6:    <p>You can visit <a href="[[= URL('page2') ]]">XXXXX 2</a>.</p>

/home/w3p/set4/py4web/apps/in3/templates/index.html
    strlen=61
     -3:    <h3>Home Page [[ = sio_app]]</h3>
     +3:    <h3>Home XXXXX [[ = sio_app]]</h3>

/home/w3p/set4/py4web/apps/in3/templates/index.html
    strlen=61
     -6:    <p>You can visit <a href="[[= URL('page2') ]]">Page 2</a>.</p>
     +6:    <p>You can visit <a href="[[= URL('page2') ]]">XXXXX 2</a>.</p>

  ---------------------------- work_dir: /home/w3p/set4/py4web/apps/in3/templates --------------

 find: Page
 replace: XXXXX

 extensions_tuple: ('.md', '.un', '.js', '.jsx', '.py', '.html', '.css', '.ts', '.tsx', '.sh', '.json', '.vue', '.scss', '.json')
 view_only: True
 found_in_files: 4
